2024-08-20 11:34:16.438  INFO 28044 --- [restartedMain] com.springboot.springboot.Application    : Starting Application using Java 1.8.0_131 on 莫七的计算机 with PID 28044 (D:\JAVA\IDEA代码\seechenCode\sc240601\SpringBoot\target\classes started by 86134 in D:\JAVA\IDEA代码\seechenCode\sc240601)
2024-08-20 11:34:16.448  INFO 28044 --- [restartedMain] com.springboot.springboot.Application    : No active profile set, falling back to 1 default profile: "default"
2024-08-20 11:34:16.532  INFO 28044 --- [restartedMain] .e.DevToolsPropertyDefaultsPostProcessor : Devtools property defaults active! Set 'spring.devtools.add-properties' to 'false' to disable
2024-08-20 11:34:16.532  INFO 28044 --- [restartedMain] .e.DevToolsPropertyDefaultsPostProcessor : For additional web related logging consider setting the 'logging.level.web' property to 'DEBUG'
2024-08-20 11:34:17.724  INFO 28044 --- [restartedMain] o.s.b.w.embedded.tomcat.TomcatWebServer  : Tomcat initialized with port(s): 8080 (http)
2024-08-20 11:34:17.730  INFO 28044 --- [restartedMain] o.apache.catalina.core.StandardService   : Starting service [Tomcat]
2024-08-20 11:34:17.731  INFO 28044 --- [restartedMain] org.apache.catalina.core.StandardEngine  : Starting Servlet engine: [Apache Tomcat/9.0.69]
2024-08-20 11:34:17.796  INFO 28044 --- [restartedMain] o.a.c.c.C.[Tomcat].[localhost].[/]       : Initializing Spring embedded WebApplicationContext
2024-08-20 11:34:17.797  INFO 28044 --- [restartedMain] w.s.c.ServletWebServerApplicationContext : Root WebApplicationContext: initialization completed in 1264 ms
2024-08-20 11:34:17.854  WARN 28044 --- [restartedMain] ConfigServletWebServerApplicationContext : Exception encountered during context initialization - cancelling refresh attempt: org.springframework.beans.factory.UnsatisfiedDependencyException: Error creating bean with name 'adminController': Unsatisfied dependency expressed through field 'as'; nested exception is org.springframework.beans.factory.UnsatisfiedDependencyException: Error creating bean with name 'adminServiceImpl': Unsatisfied dependency expressed through field 'mapper'; nested exception is org.springframework.beans.factory.UnsatisfiedDependencyException: Error creating bean with name 'OAdminMapper' defined in file [D:\JAVA\IDEA代码\seechenCode\sc240601\SpringBoot\target\classes\com\springboot\springboot\mapper\OAdminMapper.class]: Unsatisfied dependency expressed through bean property 'sqlSessionFactory'; nested exception is org.springframework.beans.factory.UnsatisfiedDependencyException: Error creating bean with name 'sqlSessionFactory' defined in class path resource [org/mybatis/spring/boot/autoconfigure/MybatisAutoConfiguration.class]: Unsatisfied dependency expressed through method 'sqlSessionFactory' parameter 0; nested exception is org.springframework.beans.factory.UnsatisfiedDependencyException: Error creating bean with name 'dataSource' defined in class path resource [org/springframework/boot/autoconfigure/jdbc/DataSourceConfiguration$Hikari.class]: Unsatisfied dependency expressed through method 'dataSource' parameter 0; nested exception is org.springframework.beans.factory.NoUniqueBeanDefinitionException: No qualifying bean of type 'org.springframework.boot.autoconfigure.jdbc.DataSourceProperties' available: expected single matching bean but found 2: test,spring.datasource-org.springframework.boot.autoconfigure.jdbc.DataSourceProperties
2024-08-20 11:34:17.856  INFO 28044 --- [restartedMain] o.apache.catalina.core.StandardService   : Stopping service [Tomcat]
2024-08-20 11:34:17.868  INFO 28044 --- [restartedMain] ConditionEvaluationReportLoggingListener : 

Error starting ApplicationContext. To display the conditions report re-run your application with 'debug' enabled.
2024-08-20 11:34:17.891 ERROR 28044 --- [restartedMain] o.s.b.d.LoggingFailureAnalysisReporter   : 

***************************
APPLICATION FAILED TO START
***************************

Description:

Parameter 0 of method dataSource in org.springframework.boot.autoconfigure.jdbc.DataSourceConfiguration$Hikari required a single bean, but 2 were found:
	- test: defined by method 'test' in class path resource [com/springboot/springboot/config/MyConfig.class]
	- spring.datasource-org.springframework.boot.autoconfigure.jdbc.DataSourceProperties: defined in null


Action:

Consider marking one of the beans as @Primary, updating the consumer to accept multiple beans, or using @Qualifier to identify the bean that should be consumed

2024-08-20 11:34:52.920  INFO 29476 --- [restartedMain] com.springboot.springboot.Application    : Starting Application using Java 1.8.0_131 on 莫七的计算机 with PID 29476 (D:\JAVA\IDEA代码\seechenCode\sc240601\SpringBoot\target\classes started by 86134 in D:\JAVA\IDEA代码\seechenCode\sc240601)
2024-08-20 11:34:52.921  INFO 29476 --- [restartedMain] com.springboot.springboot.Application    : No active profile set, falling back to 1 default profile: "default"
2024-08-20 11:34:52.984  INFO 29476 --- [restartedMain] .e.DevToolsPropertyDefaultsPostProcessor : Devtools property defaults active! Set 'spring.devtools.add-properties' to 'false' to disable
2024-08-20 11:34:52.985  INFO 29476 --- [restartedMain] .e.DevToolsPropertyDefaultsPostProcessor : For additional web related logging consider setting the 'logging.level.web' property to 'DEBUG'
2024-08-20 11:34:54.053  INFO 29476 --- [restartedMain] o.s.b.w.embedded.tomcat.TomcatWebServer  : Tomcat initialized with port(s): 8080 (http)
2024-08-20 11:34:54.058  INFO 29476 --- [restartedMain] o.apache.catalina.core.StandardService   : Starting service [Tomcat]
2024-08-20 11:34:54.059  INFO 29476 --- [restartedMain] org.apache.catalina.core.StandardEngine  : Starting Servlet engine: [Apache Tomcat/9.0.69]
2024-08-20 11:34:54.120  INFO 29476 --- [restartedMain] o.a.c.c.C.[Tomcat].[localhost].[/]       : Initializing Spring embedded WebApplicationContext
2024-08-20 11:34:54.120  INFO 29476 --- [restartedMain] w.s.c.ServletWebServerApplicationContext : Root WebApplicationContext: initialization completed in 1134 ms
2024-08-20 11:34:54.166  WARN 29476 --- [restartedMain] ConfigServletWebServerApplicationContext : Exception encountered during context initialization - cancelling refresh attempt: org.springframework.beans.factory.UnsatisfiedDependencyException: Error creating bean with name 'adminController': Unsatisfied dependency expressed through field 'as'; nested exception is org.springframework.beans.factory.UnsatisfiedDependencyException: Error creating bean with name 'adminServiceImpl': Unsatisfied dependency expressed through field 'mapper'; nested exception is org.springframework.beans.factory.UnsatisfiedDependencyException: Error creating bean with name 'OAdminMapper' defined in file [D:\JAVA\IDEA代码\seechenCode\sc240601\SpringBoot\target\classes\com\springboot\springboot\mapper\OAdminMapper.class]: Unsatisfied dependency expressed through bean property 'sqlSessionFactory'; nested exception is org.springframework.beans.factory.UnsatisfiedDependencyException: Error creating bean with name 'sqlSessionFactory' defined in class path resource [org/mybatis/spring/boot/autoconfigure/MybatisAutoConfiguration.class]: Unsatisfied dependency expressed through method 'sqlSessionFactory' parameter 0; nested exception is org.springframework.beans.factory.UnsatisfiedDependencyException: Error creating bean with name 'dataSource' defined in class path resource [org/springframework/boot/autoconfigure/jdbc/DataSourceConfiguration$Hikari.class]: Unsatisfied dependency expressed through method 'dataSource' parameter 0; nested exception is org.springframework.beans.factory.NoUniqueBeanDefinitionException: No qualifying bean of type 'org.springframework.boot.autoconfigure.jdbc.DataSourceProperties' available: expected single matching bean but found 2: test,spring.datasource-org.springframework.boot.autoconfigure.jdbc.DataSourceProperties
2024-08-20 11:34:54.168  INFO 29476 --- [restartedMain] o.apache.catalina.core.StandardService   : Stopping service [Tomcat]
2024-08-20 11:34:54.178  INFO 29476 --- [restartedMain] ConditionEvaluationReportLoggingListener : 

Error starting ApplicationContext. To display the conditions report re-run your application with 'debug' enabled.
2024-08-20 11:34:54.193 ERROR 29476 --- [restartedMain] o.s.b.d.LoggingFailureAnalysisReporter   : 

***************************
APPLICATION FAILED TO START
***************************

Description:

Parameter 0 of method dataSource in org.springframework.boot.autoconfigure.jdbc.DataSourceConfiguration$Hikari required a single bean, but 2 were found:
	- test: defined by method 'test' in class path resource [com/springboot/springboot/config/MyConfig.class]
	- spring.datasource-org.springframework.boot.autoconfigure.jdbc.DataSourceProperties: defined in null


Action:

Consider marking one of the beans as @Primary, updating the consumer to accept multiple beans, or using @Qualifier to identify the bean that should be consumed

2024-08-20 11:35:39.363  INFO 35028 --- [restartedMain] com.springboot.springboot.Application    : Starting Application using Java 1.8.0_131 on 莫七的计算机 with PID 35028 (D:\JAVA\IDEA代码\seechenCode\sc240601\SpringBoot\target\classes started by 86134 in D:\JAVA\IDEA代码\seechenCode\sc240601)
2024-08-20 11:35:39.365  INFO 35028 --- [restartedMain] com.springboot.springboot.Application    : No active profile set, falling back to 1 default profile: "default"
2024-08-20 11:35:39.436  INFO 35028 --- [restartedMain] .e.DevToolsPropertyDefaultsPostProcessor : Devtools property defaults active! Set 'spring.devtools.add-properties' to 'false' to disable
2024-08-20 11:35:39.436  INFO 35028 --- [restartedMain] .e.DevToolsPropertyDefaultsPostProcessor : For additional web related logging consider setting the 'logging.level.web' property to 'DEBUG'
2024-08-20 11:35:40.392  INFO 35028 --- [restartedMain] o.s.b.w.embedded.tomcat.TomcatWebServer  : Tomcat initialized with port(s): 8080 (http)
2024-08-20 11:35:40.398  INFO 35028 --- [restartedMain] o.apache.catalina.core.StandardService   : Starting service [Tomcat]
2024-08-20 11:35:40.398  INFO 35028 --- [restartedMain] org.apache.catalina.core.StandardEngine  : Starting Servlet engine: [Apache Tomcat/9.0.69]
2024-08-20 11:35:40.462  INFO 35028 --- [restartedMain] o.a.c.c.C.[Tomcat].[localhost].[/]       : Initializing Spring embedded WebApplicationContext
2024-08-20 11:35:40.463  INFO 35028 --- [restartedMain] w.s.c.ServletWebServerApplicationContext : Root WebApplicationContext: initialization completed in 1025 ms
2024-08-20 11:35:41.014  INFO 35028 --- [restartedMain] o.s.b.d.a.OptionalLiveReloadServer       : LiveReload server is running on port 35729
2024-08-20 11:35:41.044  INFO 35028 --- [restartedMain] o.s.b.w.embedded.tomcat.TomcatWebServer  : Tomcat started on port(s): 8080 (http) with context path ''
2024-08-20 11:35:41.053  INFO 35028 --- [restartedMain] com.springboot.springboot.Application    : Started Application in 2.152 seconds (JVM running for 3.049)
2024-08-20 11:36:54.363  INFO 40132 --- [restartedMain] com.springboot.springboot.Application    : Starting Application using Java 1.8.0_131 on 莫七的计算机 with PID 40132 (D:\JAVA\IDEA代码\seechenCode\sc240601\SpringBoot\target\classes started by 86134 in D:\JAVA\IDEA代码\seechenCode\sc240601)
2024-08-20 11:36:54.366  INFO 40132 --- [restartedMain] com.springboot.springboot.Application    : No active profile set, falling back to 1 default profile: "default"
2024-08-20 11:36:54.433  INFO 40132 --- [restartedMain] .e.DevToolsPropertyDefaultsPostProcessor : Devtools property defaults active! Set 'spring.devtools.add-properties' to 'false' to disable
2024-08-20 11:36:54.435  INFO 40132 --- [restartedMain] .e.DevToolsPropertyDefaultsPostProcessor : For additional web related logging consider setting the 'logging.level.web' property to 'DEBUG'
2024-08-20 11:36:55.371  INFO 40132 --- [restartedMain] o.s.b.w.embedded.tomcat.TomcatWebServer  : Tomcat initialized with port(s): 8080 (http)
2024-08-20 11:36:55.377  INFO 40132 --- [restartedMain] o.apache.catalina.core.StandardService   : Starting service [Tomcat]
2024-08-20 11:36:55.377  INFO 40132 --- [restartedMain] org.apache.catalina.core.StandardEngine  : Starting Servlet engine: [Apache Tomcat/9.0.69]
2024-08-20 11:36:55.434  INFO 40132 --- [restartedMain] o.a.c.c.C.[Tomcat].[localhost].[/]       : Initializing Spring embedded WebApplicationContext
2024-08-20 11:36:55.435  INFO 40132 --- [restartedMain] w.s.c.ServletWebServerApplicationContext : Root WebApplicationContext: initialization completed in 998 ms
2024-08-20 11:36:55.486  WARN 40132 --- [restartedMain] ConfigServletWebServerApplicationContext : Exception encountered during context initialization - cancelling refresh attempt: org.springframework.beans.factory.UnsatisfiedDependencyException: Error creating bean with name 'adminController': Unsatisfied dependency expressed through field 'as'; nested exception is org.springframework.beans.factory.UnsatisfiedDependencyException: Error creating bean with name 'adminServiceImpl': Unsatisfied dependency expressed through field 'mapper'; nested exception is org.springframework.beans.factory.UnsatisfiedDependencyException: Error creating bean with name 'OAdminMapper' defined in file [D:\JAVA\IDEA代码\seechenCode\sc240601\SpringBoot\target\classes\com\springboot\springboot\mapper\OAdminMapper.class]: Unsatisfied dependency expressed through bean property 'sqlSessionFactory'; nested exception is org.springframework.beans.factory.UnsatisfiedDependencyException: Error creating bean with name 'sqlSessionFactory' defined in class path resource [org/mybatis/spring/boot/autoconfigure/MybatisAutoConfiguration.class]: Unsatisfied dependency expressed through method 'sqlSessionFactory' parameter 0; nested exception is org.springframework.beans.factory.UnsatisfiedDependencyException: Error creating bean with name 'dataSource' defined in class path resource [org/springframework/boot/autoconfigure/jdbc/DataSourceConfiguration$Hikari.class]: Unsatisfied dependency expressed through method 'dataSource' parameter 0; nested exception is org.springframework.beans.factory.NoUniqueBeanDefinitionException: No qualifying bean of type 'org.springframework.boot.autoconfigure.jdbc.DataSourceProperties' available: expected single matching bean but found 2: test,spring.datasource-org.springframework.boot.autoconfigure.jdbc.DataSourceProperties
2024-08-20 11:36:55.489  INFO 40132 --- [restartedMain] o.apache.catalina.core.StandardService   : Stopping service [Tomcat]
2024-08-20 11:36:55.500  INFO 40132 --- [restartedMain] ConditionEvaluationReportLoggingListener : 

Error starting ApplicationContext. To display the conditions report re-run your application with 'debug' enabled.
2024-08-20 11:36:55.519 ERROR 40132 --- [restartedMain] o.s.b.d.LoggingFailureAnalysisReporter   : 

***************************
APPLICATION FAILED TO START
***************************

Description:

Parameter 0 of method dataSource in org.springframework.boot.autoconfigure.jdbc.DataSourceConfiguration$Hikari required a single bean, but 2 were found:
	- test: defined by method 'test' in class path resource [com/springboot/springboot/config/MyConfig.class]
	- spring.datasource-org.springframework.boot.autoconfigure.jdbc.DataSourceProperties: defined in null


Action:

Consider marking one of the beans as @Primary, updating the consumer to accept multiple beans, or using @Qualifier to identify the bean that should be consumed

