2024-09-05 17:23:56.235  INFO 9644 --- [restartedMain] c.s.s.SpringbootVueApplication           : Starting SpringbootVueApplication using Java 1.8.0_131 on 莫七的计算机 with PID 9644 (D:\JAVA\IDEA代码\seechenCode\sc240601\springbootVue\target\classes started by 86134 in D:\JAVA\IDEA代码\seechenCode\sc240601)
2024-09-05 17:23:56.239  INFO 9644 --- [restartedMain] c.s.s.SpringbootVueApplication           : No active profile set, falling back to 1 default profile: "default"
2024-09-05 17:23:56.303  INFO 9644 --- [restartedMain] .e.DevToolsPropertyDefaultsPostProcessor : Devtools property defaults active! Set 'spring.devtools.add-properties' to 'false' to disable
2024-09-05 17:23:56.303  INFO 9644 --- [restartedMain] .e.DevToolsPropertyDefaultsPostProcessor : For additional web related logging consider setting the 'logging.level.web' property to 'DEBUG'
2024-09-05 17:23:57.244  INFO 9644 --- [restartedMain] o.s.b.w.embedded.tomcat.TomcatWebServer  : Tomcat initialized with port(s): 9999 (http)
2024-09-05 17:23:57.251  INFO 9644 --- [restartedMain] o.apache.catalina.core.StandardService   : Starting service [Tomcat]
2024-09-05 17:23:57.251  INFO 9644 --- [restartedMain] org.apache.catalina.core.StandardEngine  : Starting Servlet engine: [Apache Tomcat/9.0.69]
2024-09-05 17:23:57.311  INFO 9644 --- [restartedMain] o.a.c.c.C.[Tomcat].[localhost].[/]       : Initializing Spring embedded WebApplicationContext
2024-09-05 17:23:57.312  INFO 9644 --- [restartedMain] w.s.c.ServletWebServerApplicationContext : Root WebApplicationContext: initialization completed in 1008 ms
2024-09-05 17:23:57.945  INFO 9644 --- [restartedMain] o.s.b.d.a.OptionalLiveReloadServer       : LiveReload server is running on port 35729
2024-09-05 17:23:57.975  INFO 9644 --- [restartedMain] o.s.b.w.embedded.tomcat.TomcatWebServer  : Tomcat started on port(s): 9999 (http) with context path ''
2024-09-05 17:23:57.983  INFO 9644 --- [restartedMain] c.s.s.SpringbootVueApplication           : Started SpringbootVueApplication in 2.382 seconds (JVM running for 3.587)
2024-09-05 17:25:21.047  INFO 9644 --- [http-nio-9999-exec-1] o.a.c.c.C.[Tomcat].[localhost].[/]       : Initializing Spring DispatcherServlet 'dispatcherServlet'
2024-09-05 17:25:21.048  INFO 9644 --- [http-nio-9999-exec-1] o.s.web.servlet.DispatcherServlet        : Initializing Servlet 'dispatcherServlet'
2024-09-05 17:25:21.057  INFO 9644 --- [http-nio-9999-exec-1] o.s.web.servlet.DispatcherServlet        : Completed initialization in 9 ms
2024-09-05 17:25:21.192  INFO 9644 --- [http-nio-9999-exec-1] com.zaxxer.hikari.HikariDataSource       : HikariPool-1 - Starting...
2024-09-05 17:25:21.828  INFO 9644 --- [http-nio-9999-exec-1] com.zaxxer.hikari.HikariDataSource       : HikariPool-1 - Start completed.
2024-09-05 17:25:21.857 DEBUG 9644 --- [http-nio-9999-exec-1] c.s.s.mapper.OAdminMapper.login          : ==>  Preparing: select ID, ACCOUNT, PASSWORD, NAME, PHONE, EMAIL, STATUS, CREATETIME, SEX, ROLEID, HEAD_PIC, OPERATOR from o_admin where password=? and (account=? or phone=? or email=?)
2024-09-05 17:25:21.875 DEBUG 9644 --- [http-nio-9999-exec-1] c.s.s.mapper.OAdminMapper.login          : ==> Parameters: 123(String), admin(String), admin(String), admin(String)
2024-09-05 17:25:21.899 DEBUG 9644 --- [http-nio-9999-exec-1] c.s.s.mapper.OAdminMapper.login          : <==      Total: 1
2024-09-05 17:25:28.778 DEBUG 9644 --- [http-nio-9999-exec-2] c.s.s.m.MyuserMapper.selectLimit_COUNT   : ==>  Preparing: SELECT count(0) FROM myuser
2024-09-05 17:25:28.778 DEBUG 9644 --- [http-nio-9999-exec-2] c.s.s.m.MyuserMapper.selectLimit_COUNT   : ==> Parameters: 
2024-09-05 17:25:28.870 DEBUG 9644 --- [http-nio-9999-exec-2] c.s.s.m.MyuserMapper.selectLimit_COUNT   : <==      Total: 1
2024-09-05 17:25:28.871 DEBUG 9644 --- [http-nio-9999-exec-2] c.s.s.mapper.MyuserMapper.selectLimit    : ==>  Preparing: select id, name, regTime, integral, sex from myuser LIMIT ?
2024-09-05 17:25:28.872 DEBUG 9644 --- [http-nio-9999-exec-2] c.s.s.mapper.MyuserMapper.selectLimit    : ==> Parameters: 5(Integer)
2024-09-05 17:25:28.877 DEBUG 9644 --- [http-nio-9999-exec-2] c.s.s.mapper.MyuserMapper.selectLimit    : <==      Total: 5
2024-09-05 17:25:31.890 DEBUG 9644 --- [http-nio-9999-exec-6] c.s.s.m.MyuserMapper.selectLimit_COUNT   : ==>  Preparing: SELECT count(0) FROM myuser
2024-09-05 17:25:31.891 DEBUG 9644 --- [http-nio-9999-exec-6] c.s.s.m.MyuserMapper.selectLimit_COUNT   : ==> Parameters: 
2024-09-05 17:25:31.893 DEBUG 9644 --- [http-nio-9999-exec-6] c.s.s.m.MyuserMapper.selectLimit_COUNT   : <==      Total: 1
2024-09-05 17:25:31.893 DEBUG 9644 --- [http-nio-9999-exec-6] c.s.s.mapper.MyuserMapper.selectLimit    : ==>  Preparing: select id, name, regTime, integral, sex from myuser LIMIT ?
2024-09-05 17:25:31.893 DEBUG 9644 --- [http-nio-9999-exec-6] c.s.s.mapper.MyuserMapper.selectLimit    : ==> Parameters: 50(Integer)
2024-09-05 17:25:31.901 DEBUG 9644 --- [http-nio-9999-exec-6] c.s.s.mapper.MyuserMapper.selectLimit    : <==      Total: 50
2024-09-05 17:26:16.710 DEBUG 9644 --- [http-nio-9999-exec-4] c.s.s.mapper.OAdminMapper.login          : ==>  Preparing: select ID, ACCOUNT, PASSWORD, NAME, PHONE, EMAIL, STATUS, CREATETIME, SEX, ROLEID, HEAD_PIC, OPERATOR from o_admin where password=? and (account=? or phone=? or email=?)
2024-09-05 17:26:16.711 DEBUG 9644 --- [http-nio-9999-exec-4] c.s.s.mapper.OAdminMapper.login          : ==> Parameters: 123(String), admin(String), admin(String), admin(String)
2024-09-05 17:26:16.713 DEBUG 9644 --- [http-nio-9999-exec-4] c.s.s.mapper.OAdminMapper.login          : <==      Total: 1
2024-09-05 17:26:27.056 DEBUG 9644 --- [http-nio-9999-exec-3] c.s.s.m.MyuserMapper.selectLimit_COUNT   : ==>  Preparing: SELECT count(0) FROM myuser
2024-09-05 17:26:27.057 DEBUG 9644 --- [http-nio-9999-exec-3] c.s.s.m.MyuserMapper.selectLimit_COUNT   : ==> Parameters: 
2024-09-05 17:26:27.059 DEBUG 9644 --- [http-nio-9999-exec-3] c.s.s.m.MyuserMapper.selectLimit_COUNT   : <==      Total: 1
2024-09-05 17:26:27.060 DEBUG 9644 --- [http-nio-9999-exec-3] c.s.s.mapper.MyuserMapper.selectLimit    : ==>  Preparing: select id, name, regTime, integral, sex from myuser LIMIT ?
2024-09-05 17:26:27.060 DEBUG 9644 --- [http-nio-9999-exec-3] c.s.s.mapper.MyuserMapper.selectLimit    : ==> Parameters: 5(Integer)
2024-09-05 17:26:27.061 DEBUG 9644 --- [http-nio-9999-exec-3] c.s.s.mapper.MyuserMapper.selectLimit    : <==      Total: 5
2024-09-05 17:27:01.282  INFO 9644 --- [SpringApplicationShutdownHook] com.zaxxer.hikari.HikariDataSource       : HikariPool-1 - Shutdown initiated...
2024-09-05 17:27:01.326  INFO 9644 --- [SpringApplicationShutdownHook] com.zaxxer.hikari.HikariDataSource       : HikariPool-1 - Shutdown completed.
2024-09-05 22:57:36.444  INFO 6932 --- [restartedMain] c.s.s.SpringbootVueApplication           : Starting SpringbootVueApplication using Java 1.8.0_131 on 莫七的计算机 with PID 6932 (D:\JAVA\IDEA代码\seechenCode\sc240601\springbootVue\target\classes started by 86134 in D:\JAVA\IDEA代码\seechenCode\sc240601)
2024-09-05 22:57:36.446  INFO 6932 --- [restartedMain] c.s.s.SpringbootVueApplication           : No active profile set, falling back to 1 default profile: "default"
2024-09-05 22:57:36.543  INFO 6932 --- [restartedMain] .e.DevToolsPropertyDefaultsPostProcessor : Devtools property defaults active! Set 'spring.devtools.add-properties' to 'false' to disable
2024-09-05 22:57:36.543  INFO 6932 --- [restartedMain] .e.DevToolsPropertyDefaultsPostProcessor : For additional web related logging consider setting the 'logging.level.web' property to 'DEBUG'
2024-09-05 22:57:38.128  INFO 6932 --- [restartedMain] o.s.b.w.embedded.tomcat.TomcatWebServer  : Tomcat initialized with port(s): 9999 (http)
2024-09-05 22:57:38.140  INFO 6932 --- [restartedMain] o.apache.catalina.core.StandardService   : Starting service [Tomcat]
2024-09-05 22:57:38.140  INFO 6932 --- [restartedMain] org.apache.catalina.core.StandardEngine  : Starting Servlet engine: [Apache Tomcat/9.0.69]
2024-09-05 22:57:38.239  INFO 6932 --- [restartedMain] o.a.c.c.C.[Tomcat].[localhost].[/]       : Initializing Spring embedded WebApplicationContext
2024-09-05 22:57:38.240  INFO 6932 --- [restartedMain] w.s.c.ServletWebServerApplicationContext : Root WebApplicationContext: initialization completed in 1697 ms
2024-09-05 22:57:39.574  INFO 6932 --- [restartedMain] o.s.b.d.a.OptionalLiveReloadServer       : LiveReload server is running on port 35729
2024-09-05 22:57:39.635  INFO 6932 --- [restartedMain] o.s.b.w.embedded.tomcat.TomcatWebServer  : Tomcat started on port(s): 9999 (http) with context path ''
2024-09-05 22:57:39.661  INFO 6932 --- [restartedMain] c.s.s.SpringbootVueApplication           : Started SpringbootVueApplication in 3.969 seconds (JVM running for 5.785)
2024-09-05 23:00:34.179  INFO 6932 --- [http-nio-9999-exec-5] o.a.c.c.C.[Tomcat].[localhost].[/]       : Initializing Spring DispatcherServlet 'dispatcherServlet'
2024-09-05 23:00:34.186  INFO 6932 --- [http-nio-9999-exec-5] o.s.web.servlet.DispatcherServlet        : Initializing Servlet 'dispatcherServlet'
2024-09-05 23:00:34.226  INFO 6932 --- [http-nio-9999-exec-5] o.s.web.servlet.DispatcherServlet        : Completed initialization in 39 ms
2024-09-05 23:00:34.584  INFO 6932 --- [http-nio-9999-exec-5] com.zaxxer.hikari.HikariDataSource       : HikariPool-1 - Starting...
2024-09-05 23:00:36.369  INFO 6932 --- [http-nio-9999-exec-5] com.zaxxer.hikari.HikariDataSource       : HikariPool-1 - Start completed.
2024-09-05 23:00:36.559 DEBUG 6932 --- [http-nio-9999-exec-5] c.s.s.mapper.OAdminMapper.login          : ==>  Preparing: select ID, ACCOUNT, PASSWORD, NAME, PHONE, EMAIL, STATUS, CREATETIME, SEX, ROLEID, HEAD_PIC, OPERATOR from o_admin where password=? and (account=? or phone=? or email=?)
2024-09-05 23:00:36.612 DEBUG 6932 --- [http-nio-9999-exec-5] c.s.s.mapper.OAdminMapper.login          : ==> Parameters: 123(String), admin(String), admin(String), admin(String)
2024-09-05 23:00:36.667 DEBUG 6932 --- [http-nio-9999-exec-5] c.s.s.mapper.OAdminMapper.login          : <==      Total: 1
2024-09-05 23:01:17.855  INFO 6932 --- [SpringApplicationShutdownHook] com.zaxxer.hikari.HikariDataSource       : HikariPool-1 - Shutdown initiated...
2024-09-05 23:01:17.927  INFO 6932 --- [SpringApplicationShutdownHook] com.zaxxer.hikari.HikariDataSource       : HikariPool-1 - Shutdown completed.
